<?xml version="1.0" encoding="UTF-8"?>
<!-- Generated by org.testng.reporters.JUnitXMLReporter -->
<testsuite hostname="PL16677BDziuba" ignored="0" name="LoginTestNG" tests="2" failures="1" timestamp="30 Jan 2020 14:33:50 GMT" time="24.231" errors="0">
  <testcase name="correct" time="12.377" classname="org.auto.fw.LoginTestNG"/>
  <testcase name="wrong" time="7.562" classname="org.auto.fw.LoginTestNG">
    <failure type="java.lang.AssertionError" message="The following asserts failed:
	Login failed! expected [false] but found [true]">
      <![CDATA[java.lang.AssertionError: The following asserts failed:
	Login failed! expected [false] but found [true]
	at org.auto.fw.LoginTestNG.wrong(LoginTestNG.java:50)
... Removed 26 stack frames]]>
    </failure>
  </testcase> <!-- wrong -->
</testsuite> <!-- LoginTestNG -->
